<?xml version="1.0" encoding="UTF-8"?>
<!-- Generated by org.testng.reporters.JUnitReportReporter -->
<testsuite hostname="Sapserver1" failures="0" tests="1" name="testCases.TC_002_Login" time="10.116" errors="0" timestamp="2021-03-24T21:45:14 IST" skipped="0">
  <testcase classname="testCases.TC_002_Login" name="test_Login" time="10.116"/>
  <system-out/>
</testsuite> <!-- testCases.TC_002_Login -->
