<?xml version="1.0" encoding="UTF-8"?>
<!-- Generated by org.testng.reporters.JUnitReportReporter -->
<testsuite hostname="Sapserver1" failures="0" tests="4" name="testCases.TC_003_LoginDDT" time="313.827" errors="0" timestamp="2021-03-23T15:10:44 IST" skipped="0">
  <testcase classname="testCases.TC_003_LoginDDT" name="test_LoginDDT" time="74.803"/>
  <system-out/>
  <testcase classname="testCases.TC_003_LoginDDT" name="test_LoginDDT" time="74.784"/>
  <system-out/>
  <testcase classname="testCases.TC_003_LoginDDT" name="test_LoginDDT" time="74.930"/>
  <system-out/>
  <testcase classname="testCases.TC_003_LoginDDT" name="test_LoginDDT" time="89.310"/>
  <system-out/>
</testsuite> <!-- testCases.TC_003_LoginDDT -->
