<?xml version="1.0" encoding="UTF-8"?>
<!-- Generated by org.testng.reporters.JUnitReportReporter -->
<testsuite hostname="Sapserver1" failures="0" tests="2" name="testCases.TC_002_Login" time="17.958" errors="0" timestamp="2021-03-25T09:21:51 IST" skipped="0">
  <testcase classname="testCases.TC_002_Login" name="test_Login" time="9.145"/>
  <system-out/>
  <testcase classname="testCases.TC_002_Login" name="test_Login" time="8.813"/>
  <system-out/>
</testsuite> <!-- testCases.TC_002_Login -->
