<?xml version="1.0" encoding="UTF-8"?>
<!-- Generated by org.testng.reporters.JUnitReportReporter -->
<testsuite hostname="Sapserver1" failures="0" tests="3" name="testCases.TC_001_AccountRegistration" time="28.037" errors="0" timestamp="2021-03-25T09:21:51 IST" skipped="0">
  <testcase classname="testCases.TC_001_AccountRegistration" name="test_accout_Registration" time="9.130"/>
  <system-out/>
  <testcase classname="testCases.TC_001_AccountRegistration" name="test_accout_Registration" time="8.513"/>
  <system-out/>
  <testcase classname="testCases.TC_001_AccountRegistration" name="test_accout_Registration" time="10.394"/>
  <system-out/>
</testsuite> <!-- testCases.TC_001_AccountRegistration -->
